0 info it worked if it ends with ok
1 verbose cli [ '/usr/bin/node', '/usr/bin/npm', 'install', '-g', 'gm' ]
2 info using npm@1.4.28
3 info using node@v0.10.38
4 verbose node symlink /usr/bin/node
5 verbose cache add [ 'gm', null ]
6 verbose cache add name=undefined spec="gm" args=["gm",null]
7 verbose parsed url { protocol: null,
7 verbose parsed url   slashes: null,
7 verbose parsed url   auth: null,
7 verbose parsed url   host: null,
7 verbose parsed url   port: null,
7 verbose parsed url   hostname: null,
7 verbose parsed url   hash: null,
7 verbose parsed url   search: null,
7 verbose parsed url   query: null,
7 verbose parsed url   pathname: 'gm',
7 verbose parsed url   path: 'gm',
7 verbose parsed url   href: 'gm' }
8 silly lockFile d2d359e4-gm gm
9 verbose lock gm /home/santino/.npm/d2d359e4-gm.lock
10 silly lockFile d2d359e4-gm gm
11 silly lockFile d2d359e4-gm gm
12 verbose addNamed [ 'gm', '' ]
13 verbose addNamed [ null, '*' ]
14 silly lockFile 26e550d6-gm gm@
15 verbose lock gm@ /home/santino/.npm/26e550d6-gm.lock
16 silly addNameRange { name: 'gm', range: '*', hasData: false }
17 verbose request where is /gm
18 verbose request registry https://registry.npmjs.org/
19 verbose request id cdac8c5f37aeafaa
20 verbose url raw /gm
21 verbose url resolving [ 'https://registry.npmjs.org/', './gm' ]
22 verbose url resolved https://registry.npmjs.org/gm
23 verbose request where is https://registry.npmjs.org/gm
24 info trying registry request attempt 1 at 12:34:33
25 verbose etag "8OV4ICO6F4FX4WR3Z0YFV6R34"
26 http GET https://registry.npmjs.org/gm
27 http 304 https://registry.npmjs.org/gm
28 silly registry.get cb [ 304,
28 silly registry.get   { date: 'Thu, 10 Sep 2015 12:34:33 GMT',
28 silly registry.get     via: '1.1 varnish',
28 silly registry.get     'cache-control': 'max-age=60',
28 silly registry.get     etag: '"8OV4ICO6F4FX4WR3Z0YFV6R34"',
28 silly registry.get     age: '0',
28 silly registry.get     connection: 'keep-alive',
28 silly registry.get     'x-served-by': 'cache-lcy1124-LCY',
28 silly registry.get     'x-cache': 'HIT',
28 silly registry.get     'x-cache-hits': '1',
28 silly registry.get     'x-timer': 'S1441888473.428761,VS0,VE175',
28 silly registry.get     vary: 'Accept' } ]
29 verbose etag https://registry.npmjs.org/gm from cache
30 silly addNameRange number 2 { name: 'gm', range: '*', hasData: true }
31 silly addNameRange versions [ 'gm',
31 silly addNameRange   [ '0.1.1',
31 silly addNameRange     '0.1.2',
31 silly addNameRange     '0.2.0',
31 silly addNameRange     '0.2.1',
31 silly addNameRange     '0.3.0',
31 silly addNameRange     '0.3.1',
31 silly addNameRange     '0.3.2',
31 silly addNameRange     '0.4.0',
31 silly addNameRange     '0.4.1',
31 silly addNameRange     '0.4.2',
31 silly addNameRange     '0.4.3',
31 silly addNameRange     '0.5.0',
31 silly addNameRange     '0.6.0',
31 silly addNameRange     '1.0.0',
31 silly addNameRange     '1.0.1',
31 silly addNameRange     '1.0.2',
31 silly addNameRange     '1.0.3',
31 silly addNameRange     '1.0.4',
31 silly addNameRange     '1.0.5',
31 silly addNameRange     '1.1.0',
31 silly addNameRange     '1.2.0',
31 silly addNameRange     '1.3.0',
31 silly addNameRange     '1.3.1',
31 silly addNameRange     '1.3.2',
31 silly addNameRange     '1.4.0',
31 silly addNameRange     '1.4.1',
31 silly addNameRange     '1.4.2',
31 silly addNameRange     '1.5.0',
31 silly addNameRange     '1.5.1',
31 silly addNameRange     '1.6.0',
31 silly addNameRange     '1.6.1',
31 silly addNameRange     '1.7.0',
31 silly addNameRange     '1.8.0',
31 silly addNameRange     '1.8.1',
31 silly addNameRange     '1.8.2',
31 silly addNameRange     '1.9.0',
31 silly addNameRange     '1.9.1',
31 silly addNameRange     '1.9.2',
31 silly addNameRange     '1.10.0',
31 silly addNameRange     '1.11.0',
31 silly addNameRange     '1.11.1',
31 silly addNameRange     '1.12.0',
31 silly addNameRange     '1.12.1',
31 silly addNameRange     '1.12.2',
31 silly addNameRange     '1.13.0',
31 silly addNameRange     '1.13.1',
31 silly addNameRange     '1.13.2',
31 silly addNameRange     '1.13.3',
31 silly addNameRange     '1.14.0',
31 silly addNameRange     '1.14.1',
31 silly addNameRange     '1.14.2',
31 silly addNameRange     '1.15.0',
31 silly addNameRange     '1.16.0',
31 silly addNameRange     '1.17.0',
31 silly addNameRange     '1.18.1' ] ]
32 verbose addNamed [ 'gm', '1.18.1' ]
33 verbose addNamed [ '1.18.1', '1.18.1' ]
34 silly lockFile 71598b9e-gm-1-18-1 gm@1.18.1
35 verbose lock gm@1.18.1 /home/santino/.npm/71598b9e-gm-1-18-1.lock
36 silly lockFile 71598b9e-gm-1-18-1 gm@1.18.1
37 silly lockFile 71598b9e-gm-1-18-1 gm@1.18.1
38 silly lockFile 26e550d6-gm gm@
39 silly lockFile 26e550d6-gm gm@
40 silly resolved [ { name: 'gm',
40 silly resolved     description: 'GraphicsMagick and ImageMagick for node.js',
40 silly resolved     version: '1.18.1',
40 silly resolved     author:
40 silly resolved      { name: 'Aaron Heckmann',
40 silly resolved        email: 'aaron.heckmann+github@gmail.com' },
40 silly resolved     keywords:
40 silly resolved      [ 'graphics',
40 silly resolved        'magick',
40 silly resolved        'image',
40 silly resolved        'graphicsmagick',
40 silly resolved        'imagemagick',
40 silly resolved        'gm',
40 silly resolved        'convert',
40 silly resolved        'identify',
40 silly resolved        'compare' ],
40 silly resolved     engines: { node: '>= 0.10.0' },
40 silly resolved     bugs: { url: 'http://github.com/aheckmann/gm/issues' },
40 silly resolved     licenses: [ [Object] ],
40 silly resolved     main: './index',
40 silly resolved     scripts: { test: 'make test-unit; make test;' },
40 silly resolved     repository: { type: 'git', url: 'git+https://github.com/aheckmann/gm.git' },
40 silly resolved     license: 'MIT',
40 silly resolved     devDependencies: { gleak: '~0.5.0', async: '~0.9.0' },
40 silly resolved     dependencies:
40 silly resolved      { debug: '~2.2.0',
40 silly resolved        'array-series': '~0.1.5',
40 silly resolved        'array-parallel': '~0.1.3' },
40 silly resolved     gitHead: '1d833f7ea5bb343dd9c63779796ac8a1bdb3396c',
40 silly resolved     homepage: 'https://github.com/aheckmann/gm#readme',
40 silly resolved     _id: 'gm@1.18.1',
40 silly resolved     _shasum: 'cc41ea20460ae9ca76ddc4c39860fae42b916939',
40 silly resolved     _from: 'gm@',
40 silly resolved     _npmVersion: '2.9.1',
40 silly resolved     _nodeVersion: '0.12.3',
40 silly resolved     _npmUser: { name: 'rwky', email: 'admin@rwky.net' },
40 silly resolved     maintainers: [ [Object], [Object], [Object], [Object] ],
40 silly resolved     dist:
40 silly resolved      { shasum: 'cc41ea20460ae9ca76ddc4c39860fae42b916939',
40 silly resolved        tarball: 'http://registry.npmjs.org/gm/-/gm-1.18.1.tgz' },
40 silly resolved     directories: {},
40 silly resolved     _resolved: 'https://registry.npmjs.org/gm/-/gm-1.18.1.tgz',
40 silly resolved     readme: 'ERROR: No README data found!' } ]
41 info install gm@1.18.1 into /usr/lib
42 info installOne gm@1.18.1
43 verbose lib/node_modules/gm unbuild
44 verbose tar unpack /home/santino/.npm/gm/1.18.1/package.tgz
45 silly lockFile 08b420c7-tar-usr-lib-node-modules-gm tar:///usr/lib/node_modules/gm
46 verbose lock tar:///usr/lib/node_modules/gm /home/santino/.npm/08b420c7-tar-usr-lib-node-modules-gm.lock
47 silly lockFile 9fb8eabf-antino-npm-gm-1-18-1-package-tgz tar:///home/santino/.npm/gm/1.18.1/package.tgz
48 verbose lock tar:///home/santino/.npm/gm/1.18.1/package.tgz /home/santino/.npm/9fb8eabf-antino-npm-gm-1-18-1-package-tgz.lock
49 silly gunzTarPerm modes [ '755', '644' ]
50 error Error: EACCES, mkdir '/usr/lib/node_modules/gm'
50 error  { [Error: EACCES, mkdir '/usr/lib/node_modules/gm']
50 error   errno: 3,
50 error   code: 'EACCES',
50 error   path: '/usr/lib/node_modules/gm',
50 error   fstream_type: 'Directory',
50 error   fstream_path: '/usr/lib/node_modules/gm',
50 error   fstream_class: 'DirWriter',
50 error   fstream_stack:
50 error    [ '/usr/lib/node_modules/npm/node_modules/fstream/lib/dir-writer.js:36:23',
50 error      '/usr/lib/node_modules/npm/node_modules/mkdirp/index.js:46:53',
50 error      'Object.oncomplete (fs.js:108:15)' ] }
51 error Please try running this command again as root/Administrator.
52 error System Linux 3.2.0-4-amd64
53 error command "/usr/bin/node" "/usr/bin/npm" "install" "-g" "gm"
54 error cwd /home/santino/www/bollkoll
55 error node -v v0.10.38
56 error npm -v 1.4.28
57 error path /usr/lib/node_modules/gm
58 error fstream_path /usr/lib/node_modules/gm
59 error fstream_type Directory
60 error fstream_class DirWriter
61 error code EACCES
62 error errno 3
63 error stack Error: EACCES, mkdir '/usr/lib/node_modules/gm'
64 error fstream_stack /usr/lib/node_modules/npm/node_modules/fstream/lib/dir-writer.js:36:23
64 error fstream_stack /usr/lib/node_modules/npm/node_modules/mkdirp/index.js:46:53
64 error fstream_stack Object.oncomplete (fs.js:108:15)
65 verbose exit [ 3, true ]
